[2015.07.17-12.07.43:629][  0]Log file open, 07/17/15 14:07:43
[2015.07.17-12.07.43:629][  0]LogInit:Display: Running engine for game: MyProject
[2015.07.17-12.07.43:629][  0]LogInit:Display: RandInit(-2026474961) SRandInit(-2026474960).
[2015.07.17-12.07.43:629][  0]LogTaskGraph: Started task graph with 4 named threads and 5 total threads.
[2015.07.17-12.07.43:629][  0]LogStats: Stats thread started
[2015.07.17-12.07.43:629][  0]LogInit: Version: 4.8.1-2591939+++depot+UE4-Releases+4.8
[2015.07.17-12.07.43:629][  0]LogInit: API Version: 2579680
[2015.07.17-12.07.43:629][  0]LogInit: Compiled (64-bit): Jun 18 2015 11:02:04
[2015.07.17-12.07.43:629][  0]LogInit: Compiled with Visual C++: 18.00.21005.01
[2015.07.17-12.07.43:629][  0]LogInit: Build Configuration: Development
[2015.07.17-12.07.43:629][  0]LogInit: Branch Name: ++depot+UE4-Releases+4.8
[2015.07.17-12.07.43:629][  0]LogInit: Command line:  
[2015.07.17-12.07.43:629][  0]LogInit: Base directory: C:/Program Files/Epic Games/4.8/Engine/Binaries/Win64/
[2015.07.17-12.07.43:629][  0]LogInit: Rocket: 1
[2015.07.17-12.07.43:658][  0]LogInit: Using libcurl 7.41.0
[2015.07.17-12.07.43:658][  0]LogInit:  - built for x86_64-pc-win32
[2015.07.17-12.07.43:658][  0]LogInit:  - supports SSL with WinSSL
[2015.07.17-12.07.43:658][  0]LogInit:  - other features:
[2015.07.17-12.07.43:658][  0]LogInit:      CURL_VERSION_SSL
[2015.07.17-12.07.43:658][  0]LogInit:      CURL_VERSION_IPV6
[2015.07.17-12.07.43:658][  0]LogInit:      CURL_VERSION_ASYNCHDNS
[2015.07.17-12.07.43:658][  0]LogInit:      CURL_VERSION_LARGEFILE
[2015.07.17-12.07.43:658][  0]LogInit:      CURL_VERSION_IDN
[2015.07.17-12.07.43:658][  0]LogInit:  CurlRequestOptions (configurable via config and command line):
[2015.07.17-12.07.43:658][  0]LogInit:  - bVerifyPeer = true  - Libcurl will verify peer certificate
[2015.07.17-12.07.43:658][  0]LogInit:  - bUseHttpProxy = false  - Libcurl will NOT use HTTP proxy
[2015.07.17-12.07.43:658][  0]LogInit:  - bDontReuseConnections = false  - Libcurl will reuse connections
[2015.07.17-12.07.43:658][  0]LogInit:  - CertBundlePath = nullptr  - Libcurl will use whatever was configured at build time.
[2015.07.17-12.07.43:682][  0]LogOnline:Warning: No default platform service specified for OnlineSubsystem
[2015.07.17-12.07.43:721][  0]LogInit: Presizing for 0 objects not considered by GC, pre-allocating 0 bytes.
[2015.07.17-12.07.43:730][  0]LogInit: Object subsystem initialized
[2015.07.17-12.07.43:731][  0]LogConsoleResponse:Warning: Skipping Unknown console variable: 'TranslucentSortAxis = (X=0.000000,Y=-1.000000,Z=0.000000)'
[2015.07.17-12.07.43:731][  0]LogConsoleResponse:Warning:   Found in ini file 'C:/Users/Mis Documentos/Unreal Projects/MyProject/Saved/Config/Windows/Engine.ini', in section '[/Script/Engine.RendererSettings]'
[2015.07.17-12.07.43:731][  0]LogConsoleResponse:Warning: Skipping Unknown console variable: 'UIScaleRule = ShortestSide'
[2015.07.17-12.07.43:731][  0]LogConsoleResponse:Warning:   Found in ini file 'C:/Users/Mis Documentos/Unreal Projects/MyProject/Saved/Config/Windows/Engine.ini', in section '[/Script/Engine.RendererSettings]'
[2015.07.17-12.07.43:731][  0]LogConsoleResponse:Warning: Skipping Unknown console variable: 'UIScaleCurve = (EditorCurveData=(Keys=),ExternalCurve=None)'
[2015.07.17-12.07.43:731][  0]LogConsoleResponse:Warning:   Found in ini file 'C:/Users/Mis Documentos/Unreal Projects/MyProject/Saved/Config/Windows/Engine.ini', in section '[/Script/Engine.RendererSettings]'
[2015.07.17-12.07.43:731][  0]LogInit: Selected Device Profile: [Windows]
[2015.07.17-12.07.43:731][  0]LogInit: Applying CVar settings loaded from the selected device profile: [Windows]
[2015.07.17-12.07.43:746][  0]LogInit: Computer: ADRIAN-HP
[2015.07.17-12.07.43:746][  0]LogInit: User: Adrián
[2015.07.17-12.07.43:746][  0]LogInit: CPU Page size=4096, Cores=2
[2015.07.17-12.07.43:746][  0]LogInit: High frequency timer resolution =3.020537 MHz
[2015.07.17-12.07.43:746][  0]LogMemory: Memory total: Physical=6.0GB (6GB approx)
[2015.07.17-12.07.43:746][  0]LogMemory: Platform Memory Stats for Windows
[2015.07.17-12.07.43:746][  0]LogMemory: Process Physical Memory: 49.47 MB used, 49.47 MB peak
[2015.07.17-12.07.43:746][  0]LogMemory: Process Virtual Memory: 22.32 MB used, 23.17 MB peak
[2015.07.17-12.07.43:746][  0]LogMemory: Physical Memory: 2832.64 MB used, 6124.91 MB total
[2015.07.17-12.07.43:746][  0]LogMemory: Virtual Memory: 281.53 MB used, 8388608.00 MB total
[2015.07.17-12.07.43:929][  0]LogTextLocalizationManager: The requested culture ('es_ES') has no localization data; parent culture's ('es') localization data will be used.
[2015.07.17-12.07.44:124][  0]LogTextLocalizationManager:Warning: Loaded localization resources contain conflicting entries for (Namespace:ContentBrowser, Key:ImportAssetToolTip):
Localization Resource: (C:/Program Files/Epic Games/4.8/Engine/Content/Localization/Editor/es/Editor.locres) Source String Hash: (-630476809) Localized String: (Importar a {0}...)
Localization Resource: (C:/Program Files/Epic Games/4.8/Engine/Content/Localization/Editor/es/Editor.locres) Source String Hash: (1271782899) Localized String: (Importa un activo desde el archivo a esta carpeta.)
[2015.07.17-12.07.44:718][  0]LogD3D11RHI: Found D3D11 adapter 0: AMD Radeon R7 200 Series (Feature Level 11_0)
[2015.07.17-12.07.44:718][  0]LogD3D11RHI: Adapter has 1005MB of dedicated video memory, 0MB of dedicated system memory, and 2806MB of shared system memory, 1 output[s]
[2015.07.17-12.07.44:718][  0]LogD3D11RHI: Chosen D3D11 Adapter Id = 0
[2015.07.17-12.07.44:725][  0]LogRHI: Texture pool is 704 MB (70% of 1005 MB)
[2015.07.17-12.07.44:739][  0]LogD3D11RHI: Async texture creation disabled: no driver support
[2015.07.17-12.07.44:748][  0]LogShaderCompilers:Display: Using Local Shader Compiler.
[2015.07.17-12.07.46:497][  0]LogTemp:Display: Loaded TP DesktopTargetPlatform
[2015.07.17-12.07.46:532][  0]LogTemp:Display: Loaded TP WindowsClientTargetPlatform
[2015.07.17-12.07.46:560][  0]LogTemp:Display: Loaded TP WindowsNoEditorTargetPlatform
[2015.07.17-12.07.46:588][  0]LogTemp:Display: Loaded TP WindowsServerTargetPlatform
[2015.07.17-12.07.46:625][  0]LogTemp:Display: Loaded TP WindowsTargetPlatform
[2015.07.17-12.07.46:657][  0]LogTemp:Display: Loaded TP AndroidTargetPlatform
[2015.07.17-12.07.46:689][  0]LogTemp:Display: Loaded TP Android_ASTCTargetPlatform
[2015.07.17-12.07.46:719][  0]LogTemp:Display: Loaded TP Android_ATCTargetPlatform
[2015.07.17-12.07.46:753][  0]LogTemp:Display: Loaded TP Android_DXTTargetPlatform
[2015.07.17-12.07.46:783][  0]LogTemp:Display: Loaded TP Android_ETC1TargetPlatform
[2015.07.17-12.07.46:816][  0]LogTemp:Display: Loaded TP Android_ETC2TargetPlatform
[2015.07.17-12.07.46:845][  0]LogTemp:Display: Loaded TP Android_PVRTCTargetPlatform
[2015.07.17-12.07.46:941][  0]LogTemp:Display: Loaded TP IOSTargetPlatform
[2015.07.17-12.07.46:969][  0]LogTemp:Display: Loaded TP LinuxNoEditorTargetPlatform
[2015.07.17-12.07.46:996][  0]LogTemp:Display: Loaded TP LinuxServerTargetPlatform
[2015.07.17-12.07.47:042][  0]LogTemp:Display: Loaded TP LinuxTargetPlatform
[2015.07.17-12.07.47:042][  0]LogTargetPlatformManager:Display: Building Assets For Windows
[2015.07.17-12.07.47:502][  0]LogDerivedDataCache:Display: Max Cache Size: 512 MB
[2015.07.17-12.07.47:586][  0]LogDerivedDataCache: Loaded boot cache 0.08s 53MB C:/Users/Adrián/AppData/Local/UnrealEngine/4.8/DerivedDataCache/Boot.ddc.
[2015.07.17-12.07.47:586][  0]LogDerivedDataCache:Display: Loaded Boot cache: C:/Users/Adrián/AppData/Local/UnrealEngine/4.8/DerivedDataCache/Boot.ddc
[2015.07.17-12.07.47:586][  0]LogDerivedDataCache: FDerivedDataBackendGraph:  Pak pak cache file ../../../../../../Users/Mis Documentos/Unreal Projects/MyProject/DerivedDataCache/DDC.ddp not found, will not use a pak cache.
[2015.07.17-12.07.47:586][  0]LogDerivedDataCache: Unable to find inner node Pak for hierarchical cache Hierarchy.
[2015.07.17-12.07.47:586][  0]LogDerivedDataCache: FDerivedDataBackendGraph:  CompressedPak pak cache file ../../../../../../Users/Mis Documentos/Unreal Projects/MyProject/DerivedDataCache/Compressed.ddp not found, will not use a pak cache.
[2015.07.17-12.07.47:587][  0]LogDerivedDataCache: Unable to find inner node CompressedPak for hierarchical cache Hierarchy.
[2015.07.17-12.07.47:797][  0]LogDerivedDataCache:Display: Pak cache opened for reading ../../../Engine/DerivedDataCache/Compressed.ddp.
[2015.07.17-12.07.47:810][  0]LogDerivedDataCache: Using Local data cache path C:/Users/Adrián/AppData/Local/UnrealEngine/Common/DerivedDataCache: Writable
[2015.07.17-12.07.48:134][  0]LogInit: Selected Device Profile: [Windows]
[2015.07.17-12.07.48:144][  0]ImportText (ComponentSweepMultiTests): Missing closing parenthesis: (RootShapeAsset="/Engine/BasicShapes/Cube.Cube",ShapeType="TriggerCapsule",HitResult=(Time=0.50,Location=(X=-100.000015,Y=0.0,Z=100.000015),ImpactPoint=(X=-50.0,Y=0.0,Z=50.0),Normal=(X=-1.0,Y=-0.0,Z=0.0),ImpactNormal=(X=0.0,Y=0.0,Z=1.0),TraceStart=(X=-200.0,Y=0.0,Z=200.0),TraceEnd=(X=0.0,Y=0.0,Z=0.0))
[2015.07.17-12.07.48:145][  0]ImportText (LineTraceSingleByChannelTests): Missing closing parenthesis: (RootShapeAsset="/Engine/BasicShapes/Cube.Cube",HitResult=(Time=0.50,Location=(X=-100.000015,Y=0.0,Z=100.000015),ImpactPoint=(X=-50.0,Y=0.0,Z=50.0),Normal=(X=-1.0,Y=-0.0,Z=0.0),ImpactNormal=(X=0.0,Y=0.0,Z=1.0),TraceStart=(X=-200.0,Y=0.0,Z=200.0),TraceEnd=(X=0.0,Y=0.0,Z=0.0))
[2015.07.17-12.07.48:194][  0]LogMeshUtilities: No automatic mesh reduction module available
[2015.07.17-12.07.48:194][  0]LogMeshUtilities: No automatic mesh merging module available
[2015.07.17-12.07.48:836][  0]LogInit: WinSock: version 1.1 (2.2), MaxSocks=32767, MaxUdp=65467
[2015.07.17-12.07.50:838][  0]UdpMessaging: Initializing bridge on interface 0.0.0.0:0 to multicast group 230.0.0.1:6666.
[2015.07.17-12.07.51:501][  0]SourceControl: Información El control de código fuente está desactivado
[2015.07.17-12.07.51:532][  0]SourceControl: Información El control de código fuente está desactivado
[2015.07.17-12.07.51:558][  0]SourceControl: Información El control de código fuente está desactivado
[2015.07.17-12.07.51:585][  0]SourceControl: Información El control de código fuente está desactivado
[2015.07.17-12.07.52:079][  0]LogObj: 26273 objects as part of root set at end of initial load.
[2015.07.17-12.07.52:079][  0]LogUObjectAllocator: 5409248 out of 0 bytes used by permanent object pool.
[2015.07.17-12.07.52:200][  0]LogEngine: Initializing Engine...
[2015.07.17-12.07.52:219][  0]LogHMD: Can't find Oculus library dev build: is proper Runtime installed? Version: 0.6.0.0
[2015.07.17-12.07.52:233][  0]LogHMD:Warning: SteamVR failed to initialize.  Error: 110
[2015.07.17-12.07.52:525][  0]LogAIModule: Creating AISystem for world NewWorld
[2015.07.17-12.07.52:547][  0]LogInit: XAudio2 using 'Altavoces (Realtek High Definition Audio)' : 2 channels at 48 kHz using 32 bits per sample (channel mask 0x3)
[2015.07.17-12.07.52:574][  0]LogInit: FAudioDevice initialized.
[2015.07.17-12.07.52:608][  0]LogDerivedDataCache: Saved boot cache 0.03s 53MB C:/Users/Adrián/AppData/Local/UnrealEngine/4.8/DerivedDataCache/Boot.ddc.
[2015.07.17-12.07.52:617][  0]LogInit: Texture streaming: Disabled
[2015.07.17-12.07.52:676][  0]LogAnalytics: Creating configured Analytics provider AnalyticsET
[2015.07.17-12.07.52:676][  0]LogAnalytics: [UEEditor.Rocket.Release] APIServer = http://et2.epicgames.com/ET2/. AppVersion = 4.8.1-2591939+++depot+UE4-Releases+4.8
[2015.07.17-12.07.52:676][  0]LogAnalytics: [UEEditor.Rocket.Release] SetUserId 9f8403cb4419d69b0feb9e87b29f6d00|2f9337037f4d4492ac87cbb0f94d684e|686f7351-5dfe-448a-9410-48e8dc386d85
[2015.07.17-12.07.52:676][  0]LogAnalytics: [UEEditor.Rocket.Release] AnalyticsET::StartSession
[2015.07.17-12.07.52:728][  0]LogInit: Transaction tracking system initialized
[2015.07.17-12.07.53:038][  0]BlueprintLog: New page: Cargar el editor
[2015.07.17-12.07.53:104][  0]LogAssetRegistry: FAssetRegistry took 0.0100 seconds to start up
[2015.07.17-12.07.53:105][  0]LogDirectoryWatcher:Warning: Failed to begin reading directory changes for ../../../Engine/Plugins/Experimental/CharacterAI/Content/. Error: 0
[2015.07.17-12.07.54:659][  0]LogConsoleManager:Warning: Console variable 'r.VSync' wasn't set ('GameSetting' has a lower priority than 'SystemSettingsIni')
[2015.07.17-12.07.54:660][  0]LogConsoleResponse:Display: 
[2015.07.17-12.07.55:018][  0]LogCook:Display: Done creating registry. It took  0.00s.
[2015.07.17-12.07.55:719][  0]SourceControl: Información El control de código fuente está desactivado
[2015.07.17-12.07.55:719][  0]Cmd: MAP LOAD FILE="../../../../../../Users/Mis Documentos/Unreal Projects/MyProject/Content/FirstPersonBP/Maps/FirstPersonExampleMap.umap" TEMPLATE=0 SHOWPROGRESS=1 FEATURELEVEL=3
[2015.07.17-12.07.55:720][  0]LightingResults: New page: Diseñar la iluminación
[2015.07.17-12.07.55:754][  0]MapCheck: New page: Revisión del mapa
[2015.07.17-12.07.55:754][  0]LightingResults: New page: Diseñar la iluminación
[2015.07.17-12.07.55:783][  0]LogParticles: Destroying 0 GPU particle simulations for FXSystem 0x000000001A5B3880
[2015.07.17-12.07.58:260][  0]LogAIModule: Creating AISystem for world FirstPersonExampleMap
[2015.07.17-12.07.58:274][  0]LogEditorServer: Finished looking for orphan Actors (0.000 secs)
[2015.07.17-12.07.59:834][  0]Cmd: MAP CHECKDEP NOCLEARLOG
[2015.07.17-12.07.59:946][  0]MapCheck: Información Map check complete: 0 Error(s), 0 Warning(s), took 111,96ms to complete.
[2015.07.17-12.07.59:946][  0]LogFileHelpers: Loading map 'FirstPersonExampleMap' took 4.227
[2015.07.17-12.08.00:106][  0]LogCollectionManager: Loaded 0 collections in 0.002422 seconds
[2015.07.17-12.08.00:114][  0]LogContentBrowser: Native class hierarchy populated in 0.0078 seconds. Added 1792 classes and 301 folders.
[2015.07.17-12.08.00:201][  0]LogContentBrowser: Native class hierarchy updated for 'WidgetCarousel' in 0.0006 seconds. Added 0 classes and 0 folders.
[2015.07.17-12.08.00:251][  0]LogContentBrowser: Native class hierarchy updated for 'AddContentDialog' in 0.0006 seconds. Added 0 classes and 0 folders.
[2015.07.17-12.08.00:279][  0]LogContentBrowser: Native class hierarchy updated for 'SceneOutliner' in 0.0006 seconds. Added 1 classes and 2 folders.
[2015.07.17-12.08.00:334][  0]LogCrashTracker: Crashtracker disabled due to settings.
[2015.07.17-12.08.00:338][  0]LogUObjectGlobals:Warning: Error al encontrar el objeto 'Class Ninguno.'
[2015.07.17-12.08.00:359][  0]LogLoad: Full Startup: 18.97 seconds (BP compile: 0.80 seconds)
[2015.07.17-12.08.00:471][  0]LogContentStreaming: Texture pool size is 0.000000MB
[2015.07.17-12.08.00:505][  0]LogContentStreaming: Texture pool size now 1000 MB
[2015.07.17-12.08.00:741][  0]LogRenderer: Reallocating scene render targets to support 984x600 (Frame:2).
[2015.07.17-12.08.02:351][ 12]LogAssetRegistry: Asset discovery search completed in 9.2569 seconds
[2015.07.17-12.08.51:384][774]LogFactory: FactoryCreateBinary: Texture with TextureFactory (0 0 ../../../../../../Users/Adrián/Downloads/THE MONOLITH/THE MONOLITH/Project_Files/Materials/Brick_Wall_1/StormGS_Brick_Wall_1_1_diffuse.png)
[2015.07.17-12.08.51:798][774]LogTexture:Display: Generando texturas: StormGS_Brick_Wall_1_1_diffuse (AutoDXT)
[2015.07.17-12.09.03:645][774]LogFactory: FactoryCreateBinary: Texture with TextureFactory (0 0 ../../../../../../Users/Adrián/Downloads/THE MONOLITH/THE MONOLITH/Project_Files/Materials/Brick_Wall_1/StormGS_Brick_Wall_1_1_normal.png)
[2015.07.17-12.09.04:326][774]LogTexture:Display: Generando texturas: StormGS_Brick_Wall_1_1_normal (AutoDXT)
[2015.07.17-12.09.13:895][774]LogFactory: FactoryCreateBinary: Texture with TextureFactory (0 0 ../../../../../../Users/Adrián/Downloads/THE MONOLITH/THE MONOLITH/Project_Files/Materials/Brick_Wall_1/StormGS_Brick_Wall_1_1_specular.png)
[2015.07.17-12.09.14:273][774]LogTexture:Display: Generando texturas: StormGS_Brick_Wall_1_1_specular (AutoDXT)
[2015.07.17-12.09.18:056][774]LogFactory: FactoryCreateBinary: Texture with TextureFactory (0 0 ../../../../../../Users/Adrián/Downloads/THE MONOLITH/THE MONOLITH/Project_Files/Materials/Brick_Wall_1/StormGS_Brick_Wall_1_2_diffuse.png)
[2015.07.17-12.09.18:441][774]LogTexture:Display: Generando texturas: StormGS_Brick_Wall_1_2_diffuse (AutoDXT)
[2015.07.17-12.09.30:370][774]LogFactory: FactoryCreateBinary: Texture with TextureFactory (0 0 ../../../../../../Users/Adrián/Downloads/THE MONOLITH/THE MONOLITH/Project_Files/Materials/Brick_Wall_1/StormGS_Brick_Wall_1_2_normal.png)
[2015.07.17-12.09.31:063][774]LogTexture:Display: Generando texturas: StormGS_Brick_Wall_1_2_normal (AutoDXT)
[2015.07.17-12.09.42:296][774]LogFactory: FactoryCreateBinary: Texture with TextureFactory (0 0 ../../../../../../Users/Adrián/Downloads/THE MONOLITH/THE MONOLITH/Project_Files/Materials/Brick_Wall_1/StormGS_Brick_Wall_1_2_specular.png)
[2015.07.17-12.09.42:670][774]LogTexture:Display: Generando texturas: StormGS_Brick_Wall_1_2_specular (AutoDXT)
[2015.07.17-12.09.47:630][774]LogFactory: FactoryCreateBinary: Texture with TextureFactory (0 0 ../../../../../../Users/Adrián/Downloads/THE MONOLITH/THE MONOLITH/Project_Files/Materials/Brick_Wall_1/StormGS_Brick_Wall_1_3_diffuse.png)
[2015.07.17-12.09.48:025][774]LogTexture:Display: Generando texturas: StormGS_Brick_Wall_1_3_diffuse (AutoDXT)
[2015.07.17-12.09.59:747][774]LogFactory: FactoryCreateBinary: Texture with TextureFactory (0 0 ../../../../../../Users/Adrián/Downloads/THE MONOLITH/THE MONOLITH/Project_Files/Materials/Brick_Wall_1/StormGS_Brick_Wall_1_3_normal.png)
[2015.07.17-12.10.00:435][774]LogTexture:Display: Generando texturas: StormGS_Brick_Wall_1_3_normal (AutoDXT)
[2015.07.17-12.10.10:896][774]LogFactory: FactoryCreateBinary: Texture with TextureFactory (0 0 ../../../../../../Users/Adrián/Downloads/THE MONOLITH/THE MONOLITH/Project_Files/Materials/Brick_Wall_1/StormGS_Brick_Wall_1_3_specular.png)
[2015.07.17-12.10.11:265][774]LogTexture:Display: Generando texturas: StormGS_Brick_Wall_1_3_specular (AutoDXT)
[2015.07.17-12.10.15:764][774]LogFactory: FactoryCreateBinary: Texture with TextureFactory (0 0 ../../../../../../Users/Adrián/Downloads/THE MONOLITH/THE MONOLITH/Project_Files/Materials/Brick_Wall_1/StormGS_Brick_Wall_1_4_diffuse.png)
[2015.07.17-12.10.16:192][774]LogTexture:Display: Generando texturas: StormGS_Brick_Wall_1_4_diffuse (AutoDXT)
[2015.07.17-12.10.27:612][774]LogFactory: FactoryCreateBinary: Texture with TextureFactory (0 0 ../../../../../../Users/Adrián/Downloads/THE MONOLITH/THE MONOLITH/Project_Files/Materials/Brick_Wall_1/StormGS_Brick_Wall_1_4_normal.png)
[2015.07.17-12.10.28:281][774]LogTexture:Display: Generando texturas: StormGS_Brick_Wall_1_4_normal (AutoDXT)
[2015.07.17-12.10.37:648][774]LogFactory: FactoryCreateBinary: Texture with TextureFactory (0 0 ../../../../../../Users/Adrián/Downloads/THE MONOLITH/THE MONOLITH/Project_Files/Materials/Brick_Wall_1/StormGS_Brick_Wall_1_4_specular.png)
[2015.07.17-12.10.38:014][774]LogTexture:Display: Generando texturas: StormGS_Brick_Wall_1_4_specular (AutoDXT)
[2015.07.17-12.10.41:711][774]LogFactory: FactoryCreateBinary: Texture with TextureFactory (0 0 ../../../../../../Users/Adrián/Downloads/THE MONOLITH/THE MONOLITH/Project_Files/Materials/Brick_Wall_1/StormGS_Brick_Wall_1_5_diffuse.png)
[2015.07.17-12.10.42:101][774]LogTexture:Display: Generando texturas: StormGS_Brick_Wall_1_5_diffuse (AutoDXT)
[2015.07.17-12.10.54:021][774]LogFactory: FactoryCreateBinary: Texture with TextureFactory (0 0 ../../../../../../Users/Adrián/Downloads/THE MONOLITH/THE MONOLITH/Project_Files/Materials/Brick_Wall_1/StormGS_Brick_Wall_1_5_normal.png)
[2015.07.17-12.10.54:712][774]LogTexture:Display: Generando texturas: StormGS_Brick_Wall_1_5_normal (AutoDXT)
[2015.07.17-12.11.05:801][774]LogFactory: FactoryCreateBinary: Texture with TextureFactory (0 0 ../../../../../../Users/Adrián/Downloads/THE MONOLITH/THE MONOLITH/Project_Files/Materials/Brick_Wall_1/StormGS_Brick_Wall_1_5_specular.png)
[2015.07.17-12.11.06:247][774]LogTexture:Display: Generando texturas: StormGS_Brick_Wall_1_5_specular (AutoDXT)
[2015.07.17-12.11.18:560][283]LogEditorViewport: Clicking on Actor (LMB): StaticMeshActor (LargeCube)
[2015.07.17-12.11.22:375][542]LogMaterial: Missing cached shader map for material StormGS_Brick_Wall_1_1_Mat, compiling. 
[2015.07.17-12.14.15:604][568]LogMaterial: Missing cached shader map for material StormGS_Brick_Wall_1_1_Mat, compiling. 
[2015.07.17-12.14.15:605][568]LogMaterial:Warning: Failed to compile Material /Game/FirstPersonBP/Textures/StormGS_Brick_Wall_1_1_Mat.StormGS_Brick_Wall_1_1_Mat for platform PCD3D_SM5, Default Material will be used in game.
[2015.07.17-12.14.15:605][568]LogMaterial:Warning: 	(Node TextureSample) TextureSample> Missing input texture
[2015.07.17-12.14.15:609][568]LogMaterial: Missing cached shader map for material StormGS_Brick_Wall_1_1_Mat, compiling. 
[2015.07.17-12.14.15:610][568]LogMaterial:Warning: Failed to compile Material /Game/FirstPersonBP/Textures/StormGS_Brick_Wall_1_1_Mat.StormGS_Brick_Wall_1_1_Mat for platform PCD3D_SM5, Default Material will be used in game.
[2015.07.17-12.14.15:610][568]LogMaterial:Warning: 	(Node TextureSample) TextureSample> Missing input texture
[2015.07.17-12.14.15:614][568]LogMaterial: Missing cached shader map for material StormGS_Brick_Wall_1_1_Mat, compiling. 
[2015.07.17-12.14.15:615][568]LogMaterial:Warning: Failed to compile Material /Game/FirstPersonBP/Textures/StormGS_Brick_Wall_1_1_Mat.StormGS_Brick_Wall_1_1_Mat for platform PCD3D_SM5, Default Material will be used in game.
[2015.07.17-12.14.15:615][568]LogMaterial:Warning: 	(Node TextureSample) TextureSample> Missing input texture
[2015.07.17-12.14.19:489][777]LogEditorViewport: Clicking on Actor (LMB): StaticMeshActor (Floor2)
[2015.07.17-12.15.25:545][736]LightingResults: New page: Diseñar la iluminación
[2015.07.17-12.15.25:546][736]MapCheck: New page: Revisión del mapa
[2015.07.17-12.15.25:546][736]LightingResults: New page: Diseñar la iluminación
[2015.07.17-12.15.25:568][736]LogParticles: Destroying 0 GPU particle simulations for FXSystem 0x000000001DA1BB00
[2015.07.17-12.15.25:709][736]LogAIModule: Creating AISystem for world NewWorld
[2015.07.17-12.15.25:720][736]LoadErrors: New page: Mapa nuevo
[2015.07.17-12.15.25:893][736]LogAIModule: Creating AISystem for world FirstPersonExampleMap
[2015.07.17-12.15.26:740][736]LogActorComponent: RegisterComponentWithWorld: (/Game/FirstPersonBP/Maps/FirstPersonExampleMap.FirstPersonExampleMap:PersistentLevel.FirstPersonCharacter_C_1.StaticMeshComponent_13) Specifying a world, but an Owner Actor found, and InWorld is not GetOwner()->GetWorld()
[2015.07.17-12.15.26:740][736]LogActorComponent: RegisterComponentWithWorld: (/Game/FirstPersonBP/Maps/FirstPersonExampleMap.FirstPersonExampleMap:PersistentLevel.FirstPersonCharacter_C_1.DrawFrustumComponent_7) Specifying a world, but an Owner Actor found, and InWorld is not GetOwner()->GetWorld()
[2015.07.17-12.15.45:592][571]Cmd: MAP LOAD FILE="../../../../../../Users/Mis Documentos/Unreal Projects/MyProject/Content/Hospital.umap" TEMPLATE=0 SHOWPROGRESS=1 FEATURELEVEL=3
[2015.07.17-12.15.45:615][571]LightingResults: New page: Diseñar la iluminación
[2015.07.17-12.15.45:689][571]LoadErrors: New page: Cargando mapa: Hospital.umap
[2015.07.17-12.15.45:690][571]MapCheck: New page: Revisión del mapa
[2015.07.17-12.15.45:690][571]LightingResults: New page: Diseñar la iluminación
[2015.07.17-12.15.45:721][571]LogParticles: Destroying 0 GPU particle simulations for FXSystem 0x000000001DA19620
[2015.07.17-12.15.45:762][571]LogAIModule: Creating AISystem for world Hospital
[2015.07.17-12.15.45:774][571]LogEditorServer: Finished looking for orphan Actors (0.000 secs)
[2015.07.17-12.15.45:822][571]Cmd: MAP CHECKDEP NOCLEARLOG
[2015.07.17-12.15.45:929][571]MapCheck: Información Map check complete: 0 Error(s), 0 Warning(s), took 107,218ms to complete.
[2015.07.17-12.15.45:929][571]LogFileHelpers: Loading map 'Hospital' took 0.338
[2015.07.17-12.15.56:415][471]LogSavePackage: Save=39.491653ms
[2015.07.17-12.15.56:415][471]LogSavePackage: Moving '../../../../../../Users/Mis Documentos/Unreal Projects/MyProject/Saved/HospitalBDCF71F5419702047CB141A10A283AF5.tmp' to '../../../../../../Users/Mis Documentos/Unreal Projects/MyProject/Content/FirstPersonBP/Hospital.umap'
[2015.07.17-12.15.56:445][471]LogFileHelpers: Saving map 'Hospital' took 0.208
[2015.07.17-12.16.01:086][864]LogSavePackage: Save=39.994877ms
[2015.07.17-12.16.01:086][864]LogSavePackage: Moving '../../../../../../Users/Mis Documentos/Unreal Projects/MyProject/Saved/HospitalB5E55A5A404E972205F5CC99CC5D81A7.tmp' to '../../../../../../Users/Mis Documentos/Unreal Projects/MyProject/Content/FirstPersonBP/Maps/Hospital.umap'
[2015.07.17-12.16.01:127][864]LogFileHelpers: Saving map 'Hospital' took 0.220
[2015.07.17-12.16.09:941][510]LogSavePackage: Save=33.447697ms
[2015.07.17-12.16.09:941][510]LogSavePackage: Moving '../../../../../../Users/Mis Documentos/Unreal Projects/MyProject/Saved/Hospital8E66DA4244C099DBA710B68C37187181.tmp' to '../../../../../../Users/Mis Documentos/Unreal Projects/MyProject/Content/FirstPersonBP/Maps/Hospital.umap'
[2015.07.17-12.16.11:764][598]Cmd: QUIT_EDITOR
[2015.07.17-12.16.12:090][598]LogExit: Preparing to exit.
[2015.07.17-12.16.13:049][598]LogExit: Editor shut down
[2015.07.17-12.16.13:049][598]LogExit: Transaction tracking system shut down
[2015.07.17-12.16.13:050][598]LogParticles: Destroying 0 GPU particle simulations for FXSystem 0x00000000171CF420
[2015.07.17-12.16.13:050][598]LogParticles: Destroying 0 GPU particle simulations for FXSystem 0x00000000172C80E0
[2015.07.17-12.16.13:050][598]LogParticles: Destroying 0 GPU particle simulations for FXSystem 0x0000000019E651C0
[2015.07.17-12.16.13:051][598]LogParticles: Destroying 0 GPU particle simulations for FXSystem 0x0000000019E2CAE0
[2015.07.17-12.16.13:209][598]LogExit: Object subsystem successfully closed.
[2015.07.17-12.16.13:304][598]LogModuleManager: Shutting down and abandoning module CrashTracker (188)
[2015.07.17-12.16.13:304][598]LogModuleManager: Shutting down and abandoning module SceneOutliner (187)
[2015.07.17-12.16.13:304][598]LogModuleManager: Shutting down and abandoning module SuperSearch (186)
[2015.07.17-12.16.13:304][598]LogModuleManager: Shutting down and abandoning module WidgetCarousel (185)
[2015.07.17-12.16.13:304][598]LogModuleManager: Shutting down and abandoning module AddContentDialog (184)
[2015.07.17-12.16.13:305][598]LogModuleManager: Shutting down and abandoning module EditorWidgets (183)
[2015.07.17-12.16.13:305][598]LogModuleManager: Shutting down and abandoning module CollectionManager (182)
[2015.07.17-12.16.13:305][598]LogModuleManager: Shutting down and abandoning module StatsViewer (181)
[2015.07.17-12.16.13:305][598]LogModuleManager: Shutting down and abandoning module FoliageEdit (180)
[2015.07.17-12.16.13:305][598]LogModuleManager: Shutting down and abandoning module LandscapeEditor (179)
[2015.07.17-12.16.13:305][598]LogModuleManager: Shutting down and abandoning module ActorPickerMode (178)
[2015.07.17-12.16.13:305][598]LogModuleManager: Shutting down and abandoning module GeometryMode (177)
[2015.07.17-12.16.13:305][598]LogModuleManager: Shutting down and abandoning module TextureAlignMode (176)
[2015.07.17-12.16.13:305][598]LogModuleManager: Shutting down and abandoning module BspMode (175)
[2015.07.17-12.16.13:305][598]LogModuleManager: Shutting down and abandoning module PlacementMode (174)
[2015.07.17-12.16.13:305][598]LogModuleManager: Shutting down and abandoning module AutomationWorker (173)
[2015.07.17-12.16.13:305][598]LogModuleManager: Shutting down and abandoning module CharacterAI (172)
[2015.07.17-12.16.13:305][598]LogModuleManager: Shutting down and abandoning module SmartSnapping (171)
[2015.07.17-12.16.13:305][598]LogModuleManager: Shutting down and abandoning module ViewportSnapping (170)
[2015.07.17-12.16.13:305][598]LogModuleManager: Shutting down and abandoning module LogVisualizer (169)
[2015.07.17-12.16.13:305][598]LogModuleManager: Shutting down and abandoning module GameProjectGeneration (168)
[2015.07.17-12.16.13:305][598]LogModuleManager: Shutting down and abandoning module IntroTutorials (167)
[2015.07.17-12.16.13:305][598]LogModuleManager: Shutting down and abandoning module EditorLiveStreaming (166)
[2015.07.17-12.16.13:305][598]LogModuleManager: Shutting down and abandoning module IOSPlatformEditor (165)
[2015.07.17-12.16.13:306][598]LogModuleManager: Shutting down and abandoning module HTML5PlatformEditor (164)
[2015.07.17-12.16.13:306][598]LogModuleManager: Shutting down and abandoning module AndroidDeviceDetection (163)
[2015.07.17-12.16.13:467][598]LogModuleManager: Shutting down and abandoning module AndroidPlatformEditor (162)
[2015.07.17-12.16.13:467][598]LogModuleManager: Shutting down and abandoning module IOSRuntimeSettings (161)
[2015.07.17-12.16.13:467][598]LogModuleManager: Shutting down and abandoning module AndroidRuntimeSettings (160)
[2015.07.17-12.16.13:467][598]LogModuleManager: Shutting down and abandoning module MergeActors (159)
[2015.07.17-12.16.13:467][598]LogModuleManager: Shutting down and abandoning module SizeMap (158)
[2015.07.17-12.16.13:467][598]LogModuleManager: Shutting down and abandoning module TreeMap (157)
[2015.07.17-12.16.13:467][598]LogModuleManager: Shutting down and abandoning module ReferenceViewer (156)
[2015.07.17-12.16.13:467][598]LogModuleManager: Shutting down and abandoning module LocalizationDashboard (155)
[2015.07.17-12.16.13:467][598]LogModuleManager: Shutting down and abandoning module HardwareTargeting (154)
[2015.07.17-12.16.13:467][598]LogModuleManager: Shutting down and abandoning module DeviceProfileEditor (153)
[2015.07.17-12.16.13:467][598]LogModuleManager: Shutting down and abandoning module UndoHistory (152)
[2015.07.17-12.16.13:467][598]LogModuleManager: Shutting down and abandoning module GameplayTagsEditor (151)
[2015.07.17-12.16.13:467][598]LogModuleManager: Shutting down and abandoning module UserFeedback (150)
[2015.07.17-12.16.13:467][598]LogModuleManager: Shutting down and abandoning module XmlParser (149)
[2015.07.17-12.16.13:467][598]LogModuleManager: Shutting down and abandoning module Blutility (148)
[2015.07.17-12.16.13:467][598]LogModuleManager: Shutting down and abandoning module ProjectTargetPlatformEditor (147)
[2015.07.17-12.16.13:468][598]LogModuleManager: Shutting down and abandoning module ProjectSettingsViewer (146)
[2015.07.17-12.16.13:468][598]LogModuleManager: Shutting down and abandoning module InputBindingEditor (145)
[2015.07.17-12.16.13:468][598]LogModuleManager: Shutting down and abandoning module EditorSettingsViewer (144)
[2015.07.17-12.16.13:468][598]LogModuleManager: Shutting down and abandoning module SettingsEditor (143)
[2015.07.17-12.16.13:468][598]LogModuleManager: Shutting down and abandoning module ProjectLauncher (142)
[2015.07.17-12.16.13:468][598]LogModuleManager: Shutting down and abandoning module SessionFrontend (141)
[2015.07.17-12.16.13:468][598]LogModuleManager: Shutting down and abandoning module ProfilerClient (140)
[2015.07.17-12.16.13:468][598]LogModuleManager: Shutting down and abandoning module TargetDeviceServices (139)
[2015.07.17-12.16.13:468][598]LogModuleManager: Shutting down and abandoning module DeviceManager (138)
[2015.07.17-12.16.13:468][598]LogModuleManager: Shutting down and abandoning module AutomationController (137)
[2015.07.17-12.16.13:468][598]LogModuleManager: Shutting down and abandoning module AutomationWindow (136)
[2015.07.17-12.16.13:468][598]LogModuleManager: Shutting down and abandoning module Layers (135)
[2015.07.17-12.16.13:468][598]LogModuleManager: Shutting down and abandoning module ComponentVisualizers (134)
[2015.07.17-12.16.13:468][598]LogModuleManager: Shutting down and abandoning module DetailCustomizations (133)
[2015.07.17-12.16.13:468][598]LogModuleManager: Shutting down and abandoning module PackagesDialog (132)
[2015.07.17-12.16.13:468][598]LogModuleManager: Shutting down and abandoning module AssetRegistry (131)
[2015.07.17-12.16.13:524][598]LogModuleManager: Shutting down and abandoning module Persona (130)
[2015.07.17-12.16.13:524][598]LogModuleManager: Shutting down and abandoning module Kismet (129)
[2015.07.17-12.16.13:524][598]LogModuleManager: Shutting down and abandoning module GraphEditor (128)
[2015.07.17-12.16.13:524][598]LogModuleManager: Shutting down and abandoning module ClassViewer (127)
[2015.07.17-12.16.13:524][598]LogModuleManager: Shutting down and abandoning module Toolbox (126)
[2015.07.17-12.16.13:524][598]LogModuleManager: Shutting down and abandoning module ModuleUI (125)
[2015.07.17-12.16.13:524][598]LogModuleManager: Shutting down and abandoning module MovieSceneTools (124)
[2015.07.17-12.16.13:524][598]LogModuleManager: Shutting down and abandoning module OutputLog (123)
[2015.07.17-12.16.13:524][598]LogModuleManager: Shutting down and abandoning module GammaUI (122)
[2015.07.17-12.16.13:524][598]LogModuleManager: Shutting down and abandoning module Documentation (121)
[2015.07.17-12.16.13:524][598]LogModuleManager: Shutting down and abandoning module GameLiveStreaming (120)
[2015.07.17-12.16.13:524][598]LogModuleManager: Shutting down and abandoning module StreamingPauseRendering (119)
[2015.07.17-12.16.13:524][598]LogModuleManager: Shutting down and abandoning module AnalyticsET (118)
[2015.07.17-12.16.13:524][598]LogModuleManager: Shutting down and abandoning module Analytics (117)
[2015.07.17-12.16.13:524][598]LogModuleManager: Shutting down and abandoning module AITestSuite (116)
[2015.07.17-12.16.13:524][598]LogModuleManager: Shutting down and abandoning module GameplayDebugger (115)
[2015.07.17-12.16.13:524][598]LogModuleManager: Shutting down and abandoning module AIModule (114)
[2015.07.17-12.16.13:525][598]LogModuleManager: Shutting down and abandoning module ProfilerService (113)
[2015.07.17-12.16.13:732][598]LogModuleManager: Shutting down and abandoning module TaskGraph (112)
[2015.07.17-12.16.13:732][598]LogModuleManager: Shutting down and abandoning module SlateRemote (111)
[2015.07.17-12.16.13:732][598]LogModuleManager: Shutting down and abandoning module SteamVRController (110)
[2015.07.17-12.16.13:732][598]LogModuleManager: Shutting down and abandoning module SteamVR (109)
[2015.07.17-12.16.13:732][598]LogModuleManager: Shutting down and abandoning module ProceduralMeshComponent (108)
[2015.07.17-12.16.13:732][598]LogModuleManager: Shutting down and abandoning module OculusRift (107)
[2015.07.17-12.16.13:732][598]LogModuleManager: Shutting down and abandoning module LeapMotionController (106)
[2015.07.17-12.16.13:740][598]LogModuleManager: Shutting down and abandoning module CustomMeshComponent (105)
[2015.07.17-12.16.13:741][598]LogModuleManager: Shutting down and abandoning module CableComponent (104)
[2015.07.17-12.16.13:741][598]LogModuleManager: Shutting down and abandoning module MessagingDebugger (103)
[2015.07.17-12.16.13:741][598]LogModuleManager: Shutting down and abandoning module MediaPlayerEditor (102)
[2015.07.17-12.16.13:741][598]LogModuleManager: Shutting down and abandoning module SpeedTreeImporter (101)
[2015.07.17-12.16.13:741][598]LogModuleManager: Shutting down and abandoning module PluginBrowser (100)
[2015.07.17-12.16.13:741][598]LogModuleManager: Shutting down and abandoning module EpicSurvey (99)
[2015.07.17-12.16.13:741][598]LogModuleManager: Shutting down and abandoning module DesktopPlatform (98)
[2015.07.17-12.16.13:741][598]LogModuleManager: Shutting down and abandoning module VisualStudioSourceCodeAccess (97)
[2015.07.17-12.16.13:741][598]LogModuleManager: Shutting down and abandoning module UObjectPlugin (96)
[2015.07.17-12.16.13:741][598]LogModuleManager: Shutting down and abandoning module SubversionSourceControl (95)
[2015.07.17-12.16.13:741][598]LogModuleManager: Shutting down and abandoning module PerforceSourceControl (94)
[2015.07.17-12.16.13:741][598]LogModuleManager: Shutting down and abandoning module SourceControl (93)
[2015.07.17-12.16.13:741][598]LogModuleManager: Shutting down and abandoning module GitSourceControl (92)
[2015.07.17-12.16.13:741][598]LogModuleManager: Shutting down and abandoning module BlankPlugin (91)
[2015.07.17-12.16.13:741][598]LogModuleManager: Shutting down and abandoning module PaperTiledImporter (90)
[2015.07.17-12.16.13:741][598]LogModuleManager: Shutting down and abandoning module PaperSpriteSheetImporter (89)
[2015.07.17-12.16.13:741][598]LogModuleManager: Shutting down and abandoning module MeshPaint (88)
[2015.07.17-12.16.13:741][598]LogModuleManager: Shutting down and abandoning module SlateReflector (87)
[2015.07.17-12.16.13:741][598]LogModuleManager: Shutting down and abandoning module DirectoryWatcher (86)
[2015.07.17-12.16.13:741][598]LogModuleManager: Shutting down and abandoning module HotReload (85)
[2015.07.17-12.16.13:741][598]LogModuleManager: Shutting down and abandoning module MainFrame (84)
[2015.07.17-12.16.13:741][598]LogModuleManager: Shutting down and abandoning module LevelEditor (83)
[2015.07.17-12.16.13:742][598]LogModuleManager: Shutting down and abandoning module ContentBrowser (82)
[2015.07.17-12.16.13:743][598]LogModuleManager: Shutting down and abandoning module Paper2DEditor (81)
[2015.07.17-12.16.13:743][598]LogModuleManager: Shutting down and abandoning module UdpMessaging (80)
[2015.07.17-12.16.13:843][598]LogModuleManager: Shutting down and abandoning module Paper2D (79)
[2015.07.17-12.16.13:843][598]LogModuleManager: Shutting down and abandoning module WindowsMoviePlayer (78)
[2015.07.17-12.16.13:846][598]LogModuleManager: Shutting down and abandoning module Media (77)
[2015.07.17-12.16.13:846][598]LogModuleManager: Shutting down and abandoning module WmfMedia (76)
[2015.07.17-12.16.13:846][598]LogModuleManager: Shutting down and abandoning module OnlineBlueprintSupport (75)
[2015.07.17-12.16.13:846][598]LogModuleManager: Shutting down and abandoning module PropertyEditor (74)
[2015.07.17-12.16.13:846][598]LogModuleManager: Shutting down and abandoning module BehaviorTreeEditor (73)
[2015.07.17-12.16.13:847][598]LogModuleManager: Shutting down and abandoning module FunctionalTesting (72)
[2015.07.17-12.16.13:847][598]LogModuleManager: Shutting down and abandoning module CollisionAnalyzer (71)
[2015.07.17-12.16.13:847][598]LogModuleManager: Shutting down and abandoning module WorkspaceMenuStructure (70)
[2015.07.17-12.16.13:847][598]LogModuleManager: Shutting down and abandoning module MessageLog (69)
[2015.07.17-12.16.13:847][598]LogModuleManager: Shutting down and abandoning module Sequencer (68)
[2015.07.17-12.16.13:847][598]LogModuleManager: Shutting down and abandoning module AssetTools (67)
[2015.07.17-12.16.13:847][598]LogModuleManager: Shutting down and abandoning module UMGEditor (66)
[2015.07.17-12.16.13:847][598]LogModuleManager: Shutting down and abandoning module UMG (65)
[2015.07.17-12.16.13:847][598]LogModuleManager: Shutting down and abandoning module Slate (64)
[2015.07.17-12.16.13:847][598]LogModuleManager: Shutting down and abandoning module EditorStyle (63)
[2015.07.17-12.16.13:852][598]LogModuleManager: Shutting down and abandoning module SessionServices (62)
[2015.07.17-12.16.13:852][598]LogModuleManager: Shutting down and abandoning module SourceCodeAccess (61)
[2015.07.17-12.16.13:852][598]LogModuleManager: Shutting down and abandoning module HeadMountedDisplay (60)
[2015.07.17-12.16.13:852][598]LogModuleManager: Shutting down and abandoning module XAudio2 (59)
[2015.07.17-12.16.13:852][598]LogModuleManager: Shutting down and abandoning module Networking (57)
[2015.07.17-12.16.13:852][598]LogModuleManager: Shutting down and abandoning module Core (56)
[2015.07.17-12.16.13:852][598]LogModuleManager: Shutting down and abandoning module KismetCompiler (55)
[2015.07.17-12.16.13:852][598]LogModuleManager: Shutting down and abandoning module PhysXFormats (54)
[2015.07.17-12.16.13:852][598]LogModuleManager: Shutting down and abandoning module MeshUtilities (53)
[2015.07.17-12.16.13:852][598]LogModuleManager: Shutting down and abandoning module DerivedDataCache (52)
[2015.07.17-12.16.13:923][598]LogDerivedDataCache: Shutdown
[2015.07.17-12.16.13:923][598]LogModuleManager: Shutting down and abandoning module ShaderFormatOpenGL (51)
[2015.07.17-12.16.13:923][598]LogModuleManager: Shutting down and abandoning module ShaderFormatD3D (50)
[2015.07.17-12.16.13:923][598]LogModuleManager: Shutting down and abandoning module MetalShaderFormat (49)
[2015.07.17-12.16.13:923][598]LogModuleManager: Shutting down and abandoning module TextureFormatUncompressed (48)
[2015.07.17-12.16.13:923][598]LogModuleManager: Shutting down and abandoning module TextureFormatPVR (47)
[2015.07.17-12.16.13:923][598]LogModuleManager: Shutting down and abandoning module TextureFormatIntelISPCTexComp (46)
[2015.07.17-12.16.13:923][598]LogModuleManager: Shutting down and abandoning module TextureFormatDXT (45)
[2015.07.17-12.16.13:923][598]LogModuleManager: Shutting down and abandoning module ImageWrapper (44)
[2015.07.17-12.16.13:923][598]LogModuleManager: Shutting down and abandoning module TextureFormatASTC (43)
[2015.07.17-12.16.13:923][598]LogModuleManager: Shutting down and abandoning module TextureFormatAndroid (42)
[2015.07.17-12.16.13:923][598]LogModuleManager: Shutting down and abandoning module AudioFormatOpus (41)
[2015.07.17-12.16.13:923][598]LogModuleManager: Shutting down and abandoning module AudioFormatOgg (40)
[2015.07.17-12.16.13:923][598]LogModuleManager: Shutting down and abandoning module AudioFormatADPCM (39)
[2015.07.17-12.16.13:923][598]LogModuleManager: Shutting down and abandoning module LinuxTargetPlatform (38)
[2015.07.17-12.16.13:923][598]LogModuleManager: Shutting down and abandoning module LinuxServerTargetPlatform (37)
[2015.07.17-12.16.13:923][598]LogModuleManager: Shutting down and abandoning module LinuxNoEditorTargetPlatform (36)
[2015.07.17-12.16.13:923][598]LogModuleManager: Shutting down and abandoning module Messaging (35)
[2015.07.17-12.16.13:923][598]LogModuleManager: Shutting down and abandoning module IOSTargetPlatform (34)
[2015.07.17-12.16.13:923][598]LogModuleManager: Shutting down and abandoning module HTML5TargetPlatform (33)
[2015.07.17-12.16.13:923][598]LogModuleManager: Shutting down and abandoning module Android_PVRTCTargetPlatform (32)
[2015.07.17-12.16.13:923][598]LogModuleManager: Shutting down and abandoning module Android_ETC2TargetPlatform (31)
[2015.07.17-12.16.13:923][598]LogModuleManager: Shutting down and abandoning module Android_ETC1TargetPlatform (30)
[2015.07.17-12.16.13:923][598]LogModuleManager: Shutting down and abandoning module Android_DXTTargetPlatform (29)
[2015.07.17-12.16.13:923][598]LogModuleManager: Shutting down and abandoning module Android_ATCTargetPlatform (28)
[2015.07.17-12.16.13:923][598]LogModuleManager: Shutting down and abandoning module Android_ASTCTargetPlatform (27)
[2015.07.17-12.16.13:923][598]LogModuleManager: Shutting down and abandoning module AndroidTargetPlatform (26)
[2015.07.17-12.16.13:923][598]LogModuleManager: Shutting down and abandoning module WindowsTargetPlatform (25)
[2015.07.17-12.16.13:923][598]LogModuleManager: Shutting down and abandoning module WindowsServerTargetPlatform (24)
[2015.07.17-12.16.13:923][598]LogModuleManager: Shutting down and abandoning module WindowsNoEditorTargetPlatform (23)
[2015.07.17-12.16.13:923][598]LogModuleManager: Shutting down and abandoning module WindowsClientTargetPlatform (22)
[2015.07.17-12.16.13:923][598]LogModuleManager: Shutting down and abandoning module DesktopTargetPlatform (21)
[2015.07.17-12.16.13:923][598]LogModuleManager: Shutting down and abandoning module TargetPlatform (20)
[2015.07.17-12.16.13:923][598]LogModuleManager: Shutting down and abandoning module InputCore (19)
[2015.07.17-12.16.13:923][598]LogModuleManager: Shutting down and abandoning module Settings (18)
[2015.07.17-12.16.13:923][598]LogModuleManager: Shutting down and abandoning module OnlineSubsystem (16)
[2015.07.17-12.16.13:923][598]LogModuleManager: Shutting down and abandoning module HTTP (15)
[2015.07.17-12.16.13:923][598]LogModuleManager: Shutting down and abandoning module ExampleDeviceProfileSelector (14)
[2015.07.17-12.16.13:923][598]LogModuleManager: Shutting down and abandoning module TextureCompressor (13)
[2015.07.17-12.16.13:923][598]LogModuleManager: Shutting down and abandoning module ShaderCore (12)
[2015.07.17-12.16.13:923][598]LogModuleManager: Shutting down and abandoning module Landscape (11)
[2015.07.17-12.16.13:923][598]LogModuleManager: Shutting down and abandoning module SlateRHIRenderer (10)
[2015.07.17-12.16.13:925][598]LogModuleManager: Shutting down and abandoning module OpenGLDrv (9)
[2015.07.17-12.16.13:925][598]LogModuleManager: Shutting down and abandoning module D3D11RHI (8)
[2015.07.17-12.16.13:925][598]LogModuleManager: Shutting down and abandoning module Renderer (7)
[2015.07.17-12.16.13:925][598]LogModuleManager: Shutting down and abandoning module Engine (6)
[2015.07.17-12.16.13:926][598]LogModuleManager: Shutting down and abandoning module CoreUObject (5)
[2015.07.17-12.16.13:926][598]LogModuleManager: Shutting down and abandoning module NetworkFile (4)
[2015.07.17-12.16.13:926][598]LogModuleManager: Shutting down and abandoning module StreamingFile (3)
[2015.07.17-12.16.13:926][598]LogModuleManager: Shutting down and abandoning module SandboxFile (2)
[2015.07.17-12.16.13:926][598]LogModuleManager: Shutting down and abandoning module PakFile (1)
[2015.07.17-12.16.13:926][598]LogExit: Exiting.
[2015.07.17-12.16.13:938][598]Log file closed, 07/17/15 14:16:13
