[2015.07.18-15.53.51:401][  0]Log file open, 07/18/15 17:53:51
[2015.07.18-15.53.51:401][  0]LogInit:Display: Running engine for game: MyProject
[2015.07.18-15.53.51:401][  0]LogInit:Display: RandInit(957149303) SRandInit(957149303).
[2015.07.18-15.53.51:401][  0]LogTaskGraph: Started task graph with 4 named threads and 5 total threads.
[2015.07.18-15.53.51:401][  0]LogStats: Stats thread started
[2015.07.18-15.53.51:401][  0]LogInit: Version: 4.8.1-2591939+++depot+UE4-Releases+4.8
[2015.07.18-15.53.51:401][  0]LogInit: API Version: 2579680
[2015.07.18-15.53.51:401][  0]LogInit: Compiled (64-bit): Jun 18 2015 11:02:04
[2015.07.18-15.53.51:401][  0]LogInit: Compiled with Visual C++: 18.00.21005.01
[2015.07.18-15.53.51:401][  0]LogInit: Build Configuration: Development
[2015.07.18-15.53.51:401][  0]LogInit: Branch Name: ++depot+UE4-Releases+4.8
[2015.07.18-15.53.51:401][  0]LogInit: Command line: 
[2015.07.18-15.53.51:401][  0]LogInit: Base directory: C:/Program Files/Epic Games/4.8/Engine/Binaries/Win64/
[2015.07.18-15.53.51:401][  0]LogInit: Rocket: 1
[2015.07.18-15.53.51:421][  0]LogInit: Using libcurl 7.41.0
[2015.07.18-15.53.51:421][  0]LogInit:  - built for x86_64-pc-win32
[2015.07.18-15.53.51:421][  0]LogInit:  - supports SSL with WinSSL
[2015.07.18-15.53.51:421][  0]LogInit:  - other features:
[2015.07.18-15.53.51:421][  0]LogInit:      CURL_VERSION_SSL
[2015.07.18-15.53.51:421][  0]LogInit:      CURL_VERSION_IPV6
[2015.07.18-15.53.51:421][  0]LogInit:      CURL_VERSION_ASYNCHDNS
[2015.07.18-15.53.51:421][  0]LogInit:      CURL_VERSION_LARGEFILE
[2015.07.18-15.53.51:421][  0]LogInit:      CURL_VERSION_IDN
[2015.07.18-15.53.51:421][  0]LogInit:  CurlRequestOptions (configurable via config and command line):
[2015.07.18-15.53.51:421][  0]LogInit:  - bVerifyPeer = true  - Libcurl will verify peer certificate
[2015.07.18-15.53.51:421][  0]LogInit:  - bUseHttpProxy = false  - Libcurl will NOT use HTTP proxy
[2015.07.18-15.53.51:421][  0]LogInit:  - bDontReuseConnections = false  - Libcurl will reuse connections
[2015.07.18-15.53.51:421][  0]LogInit:  - CertBundlePath = nullptr  - Libcurl will use whatever was configured at build time.
[2015.07.18-15.53.51:439][  0]LogOnline:Warning: No default platform service specified for OnlineSubsystem
[2015.07.18-15.53.51:461][  0]LogInit: Presizing for 0 objects not considered by GC, pre-allocating 0 bytes.
[2015.07.18-15.53.51:470][  0]LogInit: Object subsystem initialized
[2015.07.18-15.53.51:471][  0]LogConsoleResponse:Warning: Skipping Unknown console variable: 'TranslucentSortAxis = (X=0.000000,Y=-1.000000,Z=0.000000)'
[2015.07.18-15.53.51:471][  0]LogConsoleResponse:Warning:   Found in ini file 'C:/Users/David/Documents/Unreal Projects/Game/Saved/Config/Windows/Engine.ini', in section '[/Script/Engine.RendererSettings]'
[2015.07.18-15.53.51:471][  0]LogConsoleResponse:Warning: Skipping Unknown console variable: 'UIScaleRule = ShortestSide'
[2015.07.18-15.53.51:471][  0]LogConsoleResponse:Warning:   Found in ini file 'C:/Users/David/Documents/Unreal Projects/Game/Saved/Config/Windows/Engine.ini', in section '[/Script/Engine.RendererSettings]'
[2015.07.18-15.53.51:471][  0]LogConsoleResponse:Warning: Skipping Unknown console variable: 'UIScaleCurve = (EditorCurveData=(Keys=),ExternalCurve=None)'
[2015.07.18-15.53.51:471][  0]LogConsoleResponse:Warning:   Found in ini file 'C:/Users/David/Documents/Unreal Projects/Game/Saved/Config/Windows/Engine.ini', in section '[/Script/Engine.RendererSettings]'
[2015.07.18-15.53.51:471][  0]LogInit: Selected Device Profile: [Windows]
[2015.07.18-15.53.51:471][  0]LogInit: Applying CVar settings loaded from the selected device profile: [Windows]
[2015.07.18-15.53.51:479][  0]LogInit: Computer: DAVID
[2015.07.18-15.53.51:479][  0]LogInit: User: David
[2015.07.18-15.53.51:479][  0]LogInit: CPU Page size=4096, Cores=2
[2015.07.18-15.53.51:479][  0]LogInit: High frequency timer resolution =4.101618 MHz
[2015.07.18-15.53.51:480][  0]LogMemory: Memory total: Physical=7.9GB (8GB approx)
[2015.07.18-15.53.51:480][  0]LogMemory: Platform Memory Stats for Windows
[2015.07.18-15.53.51:480][  0]LogMemory: Process Physical Memory: 47.88 MB used, 47.88 MB peak
[2015.07.18-15.53.51:480][  0]LogMemory: Process Virtual Memory: 24.15 MB used, 24.15 MB peak
[2015.07.18-15.53.51:480][  0]LogMemory: Physical Memory: 2846.86 MB used, 8140.06 MB total
[2015.07.18-15.53.51:480][  0]LogMemory: Virtual Memory: 292.78 MB used, 134217728.00 MB total
[2015.07.18-15.53.51:527][  0]LogTextLocalizationManager: The requested culture ('es_ES') has no localization data; parent culture's ('es') localization data will be used.
[2015.07.18-15.53.51:669][  0]LogTextLocalizationManager:Warning: Loaded localization resources contain conflicting entries for (Namespace:ContentBrowser, Key:ImportAssetToolTip):
Localization Resource: (C:/Program Files/Epic Games/4.8/Engine/Content/Localization/Editor/es/Editor.locres) Source String Hash: (-630476809) Localized String: (Importar a {0}...)
Localization Resource: (C:/Program Files/Epic Games/4.8/Engine/Content/Localization/Editor/es/Editor.locres) Source String Hash: (1271782899) Localized String: (Importa un activo desde el archivo a esta carpeta.)
[2015.07.18-15.53.52:099][  0]LogD3D11RHI: Found D3D11 adapter 0: NVIDIA GeForce GTX 650 Ti  (Feature Level 11_0)
[2015.07.18-15.53.52:099][  0]LogD3D11RHI: Adapter has 1985MB of dedicated video memory, 0MB of dedicated system memory, and 2048MB of shared system memory, 2 output[s]
[2015.07.18-15.53.52:101][  0]LogD3D11RHI: Found D3D11 adapter 1: Microsoft Basic Render Driver (Feature Level 11_0)
[2015.07.18-15.53.52:101][  0]LogD3D11RHI: Adapter has 0MB of dedicated video memory, 0MB of dedicated system memory, and 256MB of shared system memory, 0 output[s]
[2015.07.18-15.53.52:101][  0]LogD3D11RHI: Chosen D3D11 Adapter Id = 0
[2015.07.18-15.53.52:106][  0]LogRHI: Texture pool is 1361 MB (70% of 1945 MB)
[2015.07.18-15.53.52:120][  0]LogD3D11RHI: Async texture creation enabled
[2015.07.18-15.53.52:138][  0]LogShaderCompilers:Display: Using Local Shader Compiler.
[2015.07.18-15.53.53:160][  0]LogTemp:Display: Loaded TP DesktopTargetPlatform
[2015.07.18-15.53.53:182][  0]LogTemp:Display: Loaded TP WindowsClientTargetPlatform
[2015.07.18-15.53.53:204][  0]LogTemp:Display: Loaded TP WindowsNoEditorTargetPlatform
[2015.07.18-15.53.53:226][  0]LogTemp:Display: Loaded TP WindowsServerTargetPlatform
[2015.07.18-15.53.53:251][  0]LogTemp:Display: Loaded TP WindowsTargetPlatform
[2015.07.18-15.53.53:271][  0]LogTemp:Display: Loaded TP AndroidTargetPlatform
[2015.07.18-15.53.53:291][  0]LogTemp:Display: Loaded TP Android_ASTCTargetPlatform
[2015.07.18-15.53.53:310][  0]LogTemp:Display: Loaded TP Android_ATCTargetPlatform
[2015.07.18-15.53.53:329][  0]LogTemp:Display: Loaded TP Android_DXTTargetPlatform
[2015.07.18-15.53.53:350][  0]LogTemp:Display: Loaded TP Android_ETC1TargetPlatform
[2015.07.18-15.53.53:371][  0]LogTemp:Display: Loaded TP Android_ETC2TargetPlatform
[2015.07.18-15.53.53:390][  0]LogTemp:Display: Loaded TP Android_PVRTCTargetPlatform
[2015.07.18-15.53.53:460][  0]LogTemp:Display: Loaded TP IOSTargetPlatform
[2015.07.18-15.53.53:480][  0]LogTemp:Display: Loaded TP LinuxNoEditorTargetPlatform
[2015.07.18-15.53.53:500][  0]LogTemp:Display: Loaded TP LinuxServerTargetPlatform
[2015.07.18-15.53.53:522][  0]LogTemp:Display: Loaded TP LinuxTargetPlatform
[2015.07.18-15.53.53:522][  0]LogTargetPlatformManager:Display: Building Assets For Windows
[2015.07.18-15.53.53:875][  0]LogDerivedDataCache:Display: Max Cache Size: 512 MB
[2015.07.18-15.53.53:971][  0]LogDerivedDataCache: Loaded boot cache 0.10s 53MB C:/Users/David/AppData/Local/UnrealEngine/4.8/DerivedDataCache/Boot.ddc.
[2015.07.18-15.53.53:971][  0]LogDerivedDataCache:Display: Loaded Boot cache: C:/Users/David/AppData/Local/UnrealEngine/4.8/DerivedDataCache/Boot.ddc
[2015.07.18-15.53.53:971][  0]LogDerivedDataCache: FDerivedDataBackendGraph:  Pak pak cache file ../../../../../../Users/David/Documents/Unreal Projects/Game/DerivedDataCache/DDC.ddp not found, will not use a pak cache.
[2015.07.18-15.53.53:971][  0]LogDerivedDataCache: Unable to find inner node Pak for hierarchical cache Hierarchy.
[2015.07.18-15.53.53:971][  0]LogDerivedDataCache: FDerivedDataBackendGraph:  CompressedPak pak cache file ../../../../../../Users/David/Documents/Unreal Projects/Game/DerivedDataCache/Compressed.ddp not found, will not use a pak cache.
[2015.07.18-15.53.53:971][  0]LogDerivedDataCache: Unable to find inner node CompressedPak for hierarchical cache Hierarchy.
[2015.07.18-15.53.54:114][  0]LogDerivedDataCache:Display: Pak cache opened for reading ../../../Engine/DerivedDataCache/Compressed.ddp.
[2015.07.18-15.53.54:126][  0]LogDerivedDataCache: Using Local data cache path C:/Users/David/AppData/Local/UnrealEngine/Common/DerivedDataCache: Writable
[2015.07.18-15.53.54:470][  0]LogInit: Selected Device Profile: [Windows]
[2015.07.18-15.53.54:567][  0]ImportText (ComponentSweepMultiTests): Missing closing parenthesis: (RootShapeAsset="/Engine/BasicShapes/Cube.Cube",ShapeType="TriggerCapsule",HitResult=(Time=0.50,Location=(X=-100.000015,Y=0.0,Z=100.000015),ImpactPoint=(X=-50.0,Y=0.0,Z=50.0),Normal=(X=-1.0,Y=-0.0,Z=0.0),ImpactNormal=(X=0.0,Y=0.0,Z=1.0),TraceStart=(X=-200.0,Y=0.0,Z=200.0),TraceEnd=(X=0.0,Y=0.0,Z=0.0))
[2015.07.18-15.53.54:568][  0]ImportText (LineTraceSingleByChannelTests): Missing closing parenthesis: (RootShapeAsset="/Engine/BasicShapes/Cube.Cube",HitResult=(Time=0.50,Location=(X=-100.000015,Y=0.0,Z=100.000015),ImpactPoint=(X=-50.0,Y=0.0,Z=50.0),Normal=(X=-1.0,Y=-0.0,Z=0.0),ImpactNormal=(X=0.0,Y=0.0,Z=1.0),TraceStart=(X=-200.0,Y=0.0,Z=200.0),TraceEnd=(X=0.0,Y=0.0,Z=0.0))
[2015.07.18-15.53.54:609][  0]LogMeshUtilities: No automatic mesh reduction module available
[2015.07.18-15.53.54:609][  0]LogMeshUtilities: No automatic mesh merging module available
[2015.07.18-15.53.55:113][  0]LogInit: WinSock: version 1.1 (2.2), MaxSocks=32767, MaxUdp=65467
[2015.07.18-15.53.56:813][  0]UdpMessaging: Initializing bridge on interface 0.0.0.0:0 to multicast group 230.0.0.1:6666.
[2015.07.18-15.53.57:305][  0]SourceControl: Información El control de código fuente está desactivado
[2015.07.18-15.53.57:339][  0]SourceControl: Información El control de código fuente está desactivado
[2015.07.18-15.53.57:356][  0]SourceControl: Información El control de código fuente está desactivado
[2015.07.18-15.53.57:372][  0]SourceControl: Información El control de código fuente está desactivado
[2015.07.18-15.53.57:758][  0]LogObj: 26273 objects as part of root set at end of initial load.
[2015.07.18-15.53.57:758][  0]LogUObjectAllocator: 5409248 out of 0 bytes used by permanent object pool.
[2015.07.18-15.53.57:850][  0]LogEngine: Initializing Engine...
[2015.07.18-15.53.57:854][  0]LogHMD: Can't find Oculus library dev build: is proper Runtime installed? Version: 0.6.0.0
[2015.07.18-15.53.57:856][  0]LogHMD:Warning: SteamVR failed to initialize.  Error: 110
[2015.07.18-15.53.58:070][  0]LogAIModule: Creating AISystem for world NewWorld
[2015.07.18-15.53.58:076][  0]LogInit: XAudio2 using 'Altavoces (2- Dispositivo de High Definition Audio)' : 2 channels at 44.1 kHz using 16 bits per sample (channel mask 0x3)
[2015.07.18-15.53.58:095][  0]LogInit: FAudioDevice initialized.
[2015.07.18-15.53.58:152][  0]LogDerivedDataCache: Saved boot cache 0.06s 53MB C:/Users/David/AppData/Local/UnrealEngine/4.8/DerivedDataCache/Boot.ddc.
[2015.07.18-15.53.58:171][  0]LogInit: Texture streaming: Disabled
[2015.07.18-15.53.58:215][  0]LogAnalytics: Creating configured Analytics provider AnalyticsET
[2015.07.18-15.53.58:215][  0]LogAnalytics: [UEEditor.Rocket.Release] APIServer = http://et2.epicgames.com/ET2/. AppVersion = 4.8.1-2591939+++depot+UE4-Releases+4.8
[2015.07.18-15.53.58:215][  0]LogAnalytics: [UEEditor.Rocket.Release] SetUserId ac9632ee4a969afbf530b29139078426|7d4f1d678065420089d62e149319a4f3|ae797042-e9ac-444e-a624-d24307bd9844
[2015.07.18-15.53.58:216][  0]LogAnalytics: [UEEditor.Rocket.Release] AnalyticsET::StartSession
[2015.07.18-15.53.58:269][  0]LogInit: Transaction tracking system initialized
[2015.07.18-15.53.58:507][  0]BlueprintLog: New page: Cargar el editor
[2015.07.18-15.53.58:562][  0]LogAssetRegistry: FAssetRegistry took 0.0109 seconds to start up
[2015.07.18-15.53.58:562][  0]LogDirectoryWatcher:Warning: Failed to begin reading directory changes for ../../../Engine/Plugins/Experimental/CharacterAI/Content/. Error: 0
[2015.07.18-15.54.00:119][  0]LogConsoleManager:Warning: Console variable 'r.VSync' wasn't set ('GameSetting' has a lower priority than 'SystemSettingsIni')
[2015.07.18-15.54.00:120][  0]LogConsoleResponse:Display: 
[2015.07.18-15.54.00:283][  0]LogCook:Display: Done creating registry. It took  0.00s.
[2015.07.18-15.54.00:691][  0]SourceControl: Información El control de código fuente está desactivado
[2015.07.18-15.54.00:691][  0]Cmd: MAP LOAD FILE="../../../../../../Users/David/Documents/Unreal Projects/Game/Content/FirstPersonBP/Maps/FirstPersonExampleMap.umap" TEMPLATE=0 SHOWPROGRESS=1 FEATURELEVEL=3
[2015.07.18-15.54.00:691][  0]LogEditorServer:Warning: Can't find file '../../../../../../Users/David/Documents/Unreal Projects/Game/Content/FirstPersonBP/Maps/FirstPersonExampleMap.umap'
[2015.07.18-15.54.00:691][  0]Cmd: MAP CHECKDEP NOCLEARLOG
[2015.07.18-15.54.00:790][  0]MapCheck: Información Map check complete: 0 Error(s), 0 Warning(s), took 98,877ms to complete.
[2015.07.18-15.54.00:790][  0]LogFileHelpers: Loading map 'FirstPersonExampleMap' took 0.099
[2015.07.18-15.54.00:941][  0]LogCollectionManager: Loaded 0 collections in 0.003010 seconds
[2015.07.18-15.54.00:950][  0]LogContentBrowser: Native class hierarchy populated in 0.0084 seconds. Added 1792 classes and 301 folders.
[2015.07.18-15.54.01:042][  0]LogContentBrowser: Native class hierarchy updated for 'WidgetCarousel' in 0.0007 seconds. Added 0 classes and 0 folders.
[2015.07.18-15.54.01:119][  0]LogContentBrowser: Native class hierarchy updated for 'AddContentDialog' in 0.0005 seconds. Added 0 classes and 0 folders.
[2015.07.18-15.54.01:147][  0]LogContentBrowser: Native class hierarchy updated for 'SceneOutliner' in 0.0004 seconds. Added 1 classes and 2 folders.
[2015.07.18-15.54.01:198][  0]LogCrashTracker: Crashtracker disabled due to settings.
[2015.07.18-15.54.01:206][  0]LogUObjectGlobals:Warning: Error al encontrar el objeto 'Class Ninguno.'
[2015.07.18-15.54.01:229][  0]LogLoad: Full Startup: 12.45 seconds (BP compile: 0.11 seconds)
[2015.07.18-15.54.01:365][  0]LogContentStreaming: Texture pool size is 0.000000MB
[2015.07.18-15.54.01:399][  0]LogContentStreaming: Texture pool size now 700 MB
[2015.07.18-15.54.01:544][  0]LogRenderer: Reallocating scene render targets to support 1096x584 (Frame:2).
[2015.07.18-15.54.01:920][  6]LogAssetRegistry: Asset discovery search completed in 3.3694 seconds
[2015.07.18-15.54.09:708][845]LogAIModule: Creating AISystem for world Hospital
[2015.07.18-15.54.09:811][845]Cmd: MAP LOAD FILE="../../../../../../Users/David/Documents/Unreal Projects/Game/Content/FirstPersonBP/Maps/Hospital.umap" TEMPLATE=0 SHOWPROGRESS=1 FEATURELEVEL=3
[2015.07.18-15.54.09:811][845]LightingResults: New page: Diseñar la iluminación
[2015.07.18-15.54.09:830][845]LogContentBrowser: Native class hierarchy updated for 'StatsViewer' in 0.0004 seconds. Added 5 classes and 0 folders.
[2015.07.18-15.54.09:856][845]LoadErrors: New page: Cargando mapa: Hospital.umap
[2015.07.18-15.54.09:856][845]MapCheck: New page: Revisión del mapa
[2015.07.18-15.54.09:856][845]LightingResults: New page: Diseñar la iluminación
[2015.07.18-15.54.09:873][845]LogParticles: Destroying 0 GPU particle simulations for FXSystem 0x00000029B62BCB80
[2015.07.18-15.54.09:974][845]LogAIModule: Creating AISystem for world Hospital
[2015.07.18-15.54.09:977][845]LogEditorServer: Finished looking for orphan Actors (0.000 secs)
[2015.07.18-15.54.10:004][845]Cmd: MAP CHECKDEP NOCLEARLOG
[2015.07.18-15.54.10:106][845]MapCheck: Información Map check complete: 0 Error(s), 0 Warning(s), took 101,002ms to complete.
[2015.07.18-15.54.10:106][845]LogFileHelpers: Loading map 'Hospital' took 0.296
[2015.07.18-15.54.13:365][207]LogPlayLevel: PIE:  No blueprints needed recompiling
[2015.07.18-15.54.13:454][207]PIE: New page: Sesión PIE (reproducción en el editor): Hospital (18/7/2015 19:54:13)
[2015.07.18-15.54.13:454][207]LogPlayLevel: Creating play world package: /Game/FirstPersonBP/Maps/UEDPIE_0_Hospital
[2015.07.18-15.54.13:457][207]LogPlayLevel: PIE: StaticDuplicateObject took: (0.002636s)
[2015.07.18-15.54.13:458][207]LogAIModule: Creating AISystem for world Hospital
[2015.07.18-15.54.13:458][207]LogPlayLevel: PIE: World Init took: (0.001411s)
[2015.07.18-15.54.13:458][207]LogPlayLevel: PIE: Created PIE world by copying editor world from /Game/FirstPersonBP/Maps/Hospital.Hospital to /Game/FirstPersonBP/Maps/UEDPIE_0_Hospital.Hospital (0.004300s)
[2015.07.18-15.54.13:500][207]LogInit: XAudio2 using 'Altavoces (2- Dispositivo de High Definition Audio)' : 2 channels at 44.1 kHz using 16 bits per sample (channel mask 0x3)
[2015.07.18-15.54.13:509][207]LogInit: FAudioDevice initialized.
[2015.07.18-15.54.14:379][207]LogWorld: Game class is 'FirstPersonGameMode_C'
[2015.07.18-15.54.14:383][207]LogWorld: Bringing World /Game/FirstPersonBP/Maps/UEDPIE_0_Hospital.Hospital up for play (max tick rate 0) at 2015.07.18-17.54.14
[2015.07.18-15.54.14:384][207]LogActor:Warning: GameSession /Game/FirstPersonBP/Maps/UEDPIE_0_Hospital.Hospital:PersistentLevel.GameSession_0 has natively added scene component(s), but none of them were set as the actor's RootComponent - picking one arbitrarily
[2015.07.18-15.54.14:384][207]LogActor:Warning: GameNetworkManager /Game/FirstPersonBP/Maps/UEDPIE_0_Hospital.Hospital:PersistentLevel.GameNetworkManager_0 has natively added scene component(s), but none of them were set as the actor's RootComponent - picking one arbitrarily
[2015.07.18-15.54.14:384][207]LogWorld: Bringing up level for play took: 0.002912
[2015.07.18-15.54.14:389][207]PIE: Información Tiempo de inicio de la reproducción en el editor para  /Game/FirstPersonBP/Maps/UEDPIE_0_Hospital 0,317
[2015.07.18-15.54.23:748][286]LogParticles: Destroying 0 GPU particle simulations for FXSystem 0x00000029B8A19DA0
[2015.07.18-15.54.33:750][452]LogEditorViewport: Clicking on Actor (LMB): BP_Sky_Sphere_C (Sky Sphere)
[2015.07.18-15.54.34:616][518]LogPlayLevel: PIE:  No blueprints needed recompiling
[2015.07.18-15.54.34:616][518]PIE: New page: Sesión PIE (reproducción en el editor): Hospital (18/7/2015 19:54:34)
[2015.07.18-15.54.34:617][518]LogPlayLevel: Creating play world package: /Game/FirstPersonBP/Maps/UEDPIE_0_Hospital
[2015.07.18-15.54.34:619][518]LogPlayLevel: PIE: StaticDuplicateObject took: (0.002382s)
[2015.07.18-15.54.34:621][518]LogAIModule: Creating AISystem for world Hospital
[2015.07.18-15.54.34:622][518]LogPlayLevel: PIE: World Init took: (0.002237s)
[2015.07.18-15.54.34:622][518]LogPlayLevel: PIE: Created PIE world by copying editor world from /Game/FirstPersonBP/Maps/Hospital.Hospital to /Game/FirstPersonBP/Maps/UEDPIE_0_Hospital.Hospital (0.004849s)
[2015.07.18-15.54.34:661][518]LogInit: XAudio2 using 'Altavoces (2- Dispositivo de High Definition Audio)' : 2 channels at 44.1 kHz using 16 bits per sample (channel mask 0x3)
[2015.07.18-15.54.34:669][518]LogInit: FAudioDevice initialized.
[2015.07.18-15.54.34:705][518]LogWorld: Game class is 'FirstPersonGameMode_C'
[2015.07.18-15.54.34:708][518]LogWorld: Bringing World /Game/FirstPersonBP/Maps/UEDPIE_0_Hospital.Hospital up for play (max tick rate 0) at 2015.07.18-17.54.34
[2015.07.18-15.54.34:708][518]LogActor:Warning: GameSession /Game/FirstPersonBP/Maps/UEDPIE_0_Hospital.Hospital:PersistentLevel.GameSession_1 has natively added scene component(s), but none of them were set as the actor's RootComponent - picking one arbitrarily
[2015.07.18-15.54.34:709][518]LogActor:Warning: GameNetworkManager /Game/FirstPersonBP/Maps/UEDPIE_0_Hospital.Hospital:PersistentLevel.GameNetworkManager_1 has natively added scene component(s), but none of them were set as the actor's RootComponent - picking one arbitrarily
[2015.07.18-15.54.34:709][518]